<?xml version="1.0" encoding="UTF-8"?>
<testsuite name="Product_details"
           tests="4"
           failures="0"
           errors="0"
           skipped="0"
           time="7.276">
    <properties></properties>



            <testcase
                name="test_addSpecifiedItem"
                time="1.456"
                classname="org.example.Product_Details.Product_Details">
            </testcase>
            <testcase
                name="test_sizeAndColor"
                time="2.864"
                classname="org.example.Product_Details.Product_Details">
            </testcase>
            <testcase
                name="test_productDetails"
                time="1.574"
                classname="org.example.Product_Details.Product_Details">
            </testcase>
            <testcase
                name="test_quantityAdjustment"
                time="1.382"
                classname="org.example.Product_Details.Product_Details">
            </testcase>
</testsuite>
