<?xml version="1.0" encoding="UTF-8"?>
<!-- Generated by org.testng.reporters.JUnitXMLReporter -->
<testsuite hostname="DESKTOP-5G64RED" ignored="4" tests="0" failures="0" timestamp="10 Jun 2022 21:24:02 GMT" time="0.0" errors="0">
  <testcase name="test_productDetails" time="0.0" classname="org.example.Product_Details.Product_Details">
    <ignored/>
  </testcase> <!-- test_productDetails -->
  <testcase name="test_quantityAdjustment" time="0.0" classname="org.example.Product_Details.Product_Details">
    <ignored/>
  </testcase> <!-- test_quantityAdjustment -->
  <testcase name="test_addSpecifiedItem" time="0.0" classname="org.example.Product_Details.Product_Details">
    <ignored/>
  </testcase> <!-- test_addSpecifiedItem -->
  <testcase name="test_sizeAndColor" time="0.0" classname="org.example.Product_Details.Product_Details">
    <ignored/>
  </testcase> <!-- test_sizeAndColor -->
</testsuite>
