<?xml version="1.0" encoding="UTF-8"?>
<!-- Generated by org.testng.reporters.JUnitXMLReporter -->
<testsuite hostname="DESKTOP-5G64RED" ignored="4" tests="0" failures="0" timestamp="10 Jun 2022 21:24:02 GMT" time="0.003" errors="0">
  <testcase name="test_loginAllProducts" time="0.0" classname="org.example.Registration_Login.Registration_Login">
    <ignored/>
  </testcase> <!-- test_loginAllProducts -->
  <testcase name="test_uniqueRegistration" time="0.0" classname="org.example.Registration_Login.Registration_Login">
    <ignored/>
  </testcase> <!-- test_uniqueRegistration -->
  <testcase name="test_checkoutAsGuest" time="0.0" classname="org.example.Registration_Login.Registration_Login">
    <ignored/>
  </testcase> <!-- test_checkoutAsGuest -->
  <testcase name="test_existingLogin" time="0.0" classname="org.example.Registration_Login.Registration_Login">
    <ignored/>
  </testcase> <!-- test_existingLogin -->
</testsuite>
